app/build/intermediates/manifest_merge_blame_file/debug/manifest-merger-blame-debug-report.txt
1<?xml version="1.0" encoding="utf-8"?>
2<manifest xmlns:android="http://schemas.android.com/apk/res/android"
3    package="com.mongodb.app"
4    android:versionCode="1"
5    android:versionName="1.0" >
6
7    <uses-sdk
8        android:minSdkVersion="26"
8-->src\main\AndroidManifest.xml
9        android:targetSdkVersion="32" />
9-->src\main\AndroidManifest.xml
10    <!-- Added below for paypal to work -->
11    <uses-permission android:name="android.permission.INTERNET" />
11-->src\main\AndroidManifest.xml:5:5-67
11-->src\main\AndroidManifest.xml:5:22-64
12    <uses-permission android:name="android.permission.ACCESS_NETWORK_STATE" />
12-->[io.realm:realm-android-library-object-server:10.3.1] AndroidManifest.xml:10:5-79
12-->[io.realm:realm-android-library-object-server:10.3.1] AndroidManifest.xml:10:22-76
13
14    <uses-feature
14-->[com.google.android.gms:play-services-maps:18.0.2] AndroidManifest.xml:26:5-28:35
15        android:glEsVersion="0x00020000"
15-->[com.google.android.gms:play-services-maps:18.0.2] AndroidManifest.xml:27:9-41
16        android:required="true" />
16-->[com.google.android.gms:play-services-maps:18.0.2] AndroidManifest.xml:28:9-32
17
18    <queries>
18-->[com.google.android.gms:play-services-maps:18.0.2] AndroidManifest.xml:30:5-34:15
19
20        <!-- Needs to be explicitly declared on Android R+ -->
21        <package android:name="com.google.android.apps.maps" />
21-->[com.google.android.gms:play-services-maps:18.0.2] AndroidManifest.xml:33:9-64
21-->[com.google.android.gms:play-services-maps:18.0.2] AndroidManifest.xml:33:18-61
22    </queries>
23
24    <uses-permission android:name="android.permission.CAMERA" />
24-->[io.card:android-sdk:5.3.4] AndroidManifest.xml:11:5-65
24-->[io.card:android-sdk:5.3.4] AndroidManifest.xml:11:22-62
25    <uses-permission android:name="android.permission.VIBRATE" />
25-->[io.card:android-sdk:5.3.4] AndroidManifest.xml:12:5-66
25-->[io.card:android-sdk:5.3.4] AndroidManifest.xml:12:22-63
26
27    <uses-feature
27-->[io.card:android-sdk:5.3.4] AndroidManifest.xml:14:5-16:36
28        android:name="android.hardware.camera"
28-->[io.card:android-sdk:5.3.4] AndroidManifest.xml:15:9-47
29        android:required="false" />
29-->[io.card:android-sdk:5.3.4] AndroidManifest.xml:16:9-33
30    <uses-feature
30-->[io.card:android-sdk:5.3.4] AndroidManifest.xml:17:5-19:36
31        android:name="android.hardware.camera.autofocus"
31-->[io.card:android-sdk:5.3.4] AndroidManifest.xml:18:9-57
32        android:required="false" />
32-->[io.card:android-sdk:5.3.4] AndroidManifest.xml:19:9-33
33
34    <application
34-->src\main\AndroidManifest.xml:7:5-167:19
35        android:name="com.mongodb.app.App"
35-->src\main\AndroidManifest.xml:8:9-28
36        android:allowBackup="true"
36-->src\main\AndroidManifest.xml:9:9-35
37        android:appComponentFactory="androidx.core.app.CoreComponentFactory"
37-->[androidx.core:core:1.7.0] AndroidManifest.xml:24:18-86
38        android:debuggable="true"
39        android:extractNativeLibs="false"
40        android:icon="@mipmap/ic_launcher"
40-->src\main\AndroidManifest.xml:10:9-43
41        android:label="@string/app_name"
41-->src\main\AndroidManifest.xml:11:9-41
42        android:roundIcon="@mipmap/ic_launcher_round"
42-->src\main\AndroidManifest.xml:12:9-54
43        android:supportsRtl="true"
43-->src\main\AndroidManifest.xml:13:9-35
44        android:testOnly="true"
45        android:theme="@style/Theme.App" >
45-->src\main\AndroidManifest.xml:14:9-41
46        <activity
46-->src\main\AndroidManifest.xml:15:9-17:40
47            android:name="com.mongodb.app.FollowerActivity"
47-->src\main\AndroidManifest.xml:16:13-45
48            android:exported="false" />
48-->src\main\AndroidManifest.xml:17:13-37
49
50        <meta-data
50-->src\main\AndroidManifest.xml:19:9-21:69
51            android:name="com.google.android.gms.version"
51-->src\main\AndroidManifest.xml:20:13-58
52            android:value="@integer/google_play_services_version" />
52-->src\main\AndroidManifest.xml:21:13-66
53        <!-- The API key for Google Maps-based APIs. -->
54        <meta-data
54-->src\main\AndroidManifest.xml:23:9-25:44
55            android:name="com.google.android.geo.API_KEY"
55-->src\main\AndroidManifest.xml:24:13-58
56            android:value="MAPS_API_KEY" />
56-->src\main\AndroidManifest.xml:25:13-41
57
58        <activity
58-->src\main\AndroidManifest.xml:27:9-29:40
59            android:name="com.mongodb.app.ChatActivity"
59-->src\main\AndroidManifest.xml:28:13-41
60            android:exported="false" />
60-->src\main\AndroidManifest.xml:29:13-37
61        <activity
61-->src\main\AndroidManifest.xml:30:9-32:40
62            android:name="com.mongodb.app.TournamentsInActivity"
62-->src\main\AndroidManifest.xml:31:13-50
63            android:exported="false" />
63-->src\main\AndroidManifest.xml:32:13-37
64        <activity
64-->src\main\AndroidManifest.xml:33:9-35:40
65            android:name="com.mongodb.app.MyRatingsActivity"
65-->src\main\AndroidManifest.xml:34:13-46
66            android:exported="false" />
66-->src\main\AndroidManifest.xml:35:13-37
67        <activity
67-->src\main\AndroidManifest.xml:36:9-38:40
68            android:name="com.mongodb.app.GroupListActivity"
68-->src\main\AndroidManifest.xml:37:13-46
69            android:exported="false" />
69-->src\main\AndroidManifest.xml:38:13-37
70        <activity
70-->src\main\AndroidManifest.xml:39:9-41:40
71            android:name="com.mongodb.app.ChatRoom"
71-->src\main\AndroidManifest.xml:40:13-37
72            android:exported="false" />
72-->src\main\AndroidManifest.xml:41:13-37
73        <activity
73-->src\main\AndroidManifest.xml:42:9-44:40
74            android:name="com.mongodb.app.RulesActivity"
74-->src\main\AndroidManifest.xml:43:13-42
75            android:exported="false" />
75-->src\main\AndroidManifest.xml:44:13-37
76        <activity
76-->src\main\AndroidManifest.xml:45:9-47:39
77            android:name="com.mongodb.app.MapsMarkerActivity"
77-->src\main\AndroidManifest.xml:46:13-47
78            android:exported="true" />
78-->src\main\AndroidManifest.xml:47:13-36
79        <activity
79-->src\main\AndroidManifest.xml:48:9-50:40
80            android:name="com.mongodb.app.RateOrganizerActivity"
80-->src\main\AndroidManifest.xml:49:13-50
81            android:exported="false" />
81-->src\main\AndroidManifest.xml:50:13-37
82        <activity
82-->src\main\AndroidManifest.xml:51:9-53:40
83            android:name="com.mongodb.app.CreateGroupActivity"
83-->src\main\AndroidManifest.xml:52:13-48
84            android:exported="false" />
84-->src\main\AndroidManifest.xml:53:13-37
85        <activity
85-->src\main\AndroidManifest.xml:54:9-56:40
86            android:name="com.mongodb.app.TimerActivity"
86-->src\main\AndroidManifest.xml:55:13-42
87            android:exported="false" />
87-->src\main\AndroidManifest.xml:56:13-37
88        <activity
88-->src\main\AndroidManifest.xml:57:9-59:40
89            android:name="com.mongodb.app.TournamentPageActivity"
89-->src\main\AndroidManifest.xml:58:13-51
90            android:exported="false" />
90-->src\main\AndroidManifest.xml:59:13-37
91        <activity
91-->src\main\AndroidManifest.xml:60:9-62:40
92            android:name="com.mongodb.app.TournamentsOwnActivity"
92-->src\main\AndroidManifest.xml:61:13-51
93            android:exported="false" />
93-->src\main\AndroidManifest.xml:62:13-37
94        <activity
94-->src\main\AndroidManifest.xml:63:9-65:40
95            android:name="com.mongodb.app.ParticipantActivity"
95-->src\main\AndroidManifest.xml:64:13-48
96            android:exported="false" />
96-->src\main\AndroidManifest.xml:65:13-37
97        <activity
97-->src\main\AndroidManifest.xml:66:9-68:40
98            android:name="com.mongodb.app.ActiveUpcomingTournament"
98-->src\main\AndroidManifest.xml:67:13-53
99            android:exported="false" />
99-->src\main\AndroidManifest.xml:68:13-37
100        <activity
100-->src\main\AndroidManifest.xml:69:9-72:58
101            android:name="com.mongodb.app.BracketActivity"
101-->src\main\AndroidManifest.xml:70:13-44
102            android:exported="false"
102-->src\main\AndroidManifest.xml:71:13-37
103            android:parentActivityName="com.mongodb.app.HomeActivity" />
103-->src\main\AndroidManifest.xml:72:13-55
104        <activity
104-->src\main\AndroidManifest.xml:73:9-76:52
105            android:name="com.mongodb.app.PlayerActivity"
105-->src\main\AndroidManifest.xml:74:13-43
106            android:parentActivityName="com.mongodb.app.ProfileActivity"
106-->src\main\AndroidManifest.xml:75:13-58
107            android:screenOrientation="nosensor" />
107-->src\main\AndroidManifest.xml:76:13-49
108        <activity
108-->src\main\AndroidManifest.xml:77:9-79:52
109            android:name="com.mongodb.app.afterNotification"
109-->src\main\AndroidManifest.xml:78:13-46
110            android:screenOrientation="nosensor" />
110-->src\main\AndroidManifest.xml:79:13-49
111        <activity
111-->src\main\AndroidManifest.xml:80:9-82:52
112            android:name="com.mongodb.app.MyGroupsActivity"
112-->src\main\AndroidManifest.xml:81:13-45
113            android:screenOrientation="nosensor" />
113-->src\main\AndroidManifest.xml:82:13-49
114        <activity
114-->src\main\AndroidManifest.xml:83:9-85:52
115            android:name="com.mongodb.app.ReportActivity"
115-->src\main\AndroidManifest.xml:84:13-43
116            android:screenOrientation="nosensor" />
116-->src\main\AndroidManifest.xml:85:13-49
117        <activity
117-->src\main\AndroidManifest.xml:86:9-89:52
118            android:name="com.mongodb.app.SearchTournamentActivity"
118-->src\main\AndroidManifest.xml:87:13-53
119            android:parentActivityName="com.mongodb.app.HomeActivity"
119-->src\main\AndroidManifest.xml:88:13-55
120            android:screenOrientation="nosensor" />
120-->src\main\AndroidManifest.xml:89:13-49
121        <activity
121-->src\main\AndroidManifest.xml:90:9-93:52
122            android:name="com.mongodb.app.RegisterActivity"
122-->src\main\AndroidManifest.xml:91:13-45
123            android:parentActivityName="com.mongodb.app.LoginActivity"
123-->src\main\AndroidManifest.xml:92:13-56
124            android:screenOrientation="nosensor" />
124-->src\main\AndroidManifest.xml:93:13-49
125        <activity
125-->src\main\AndroidManifest.xml:94:9-97:52
126            android:name="com.mongodb.app.CreateTournamentActivity"
126-->src\main\AndroidManifest.xml:95:13-53
127            android:parentActivityName="com.mongodb.app.HomeActivity"
127-->src\main\AndroidManifest.xml:96:13-55
128            android:screenOrientation="nosensor" />
128-->src\main\AndroidManifest.xml:97:13-49
129        <activity
129-->src\main\AndroidManifest.xml:98:9-100:52
130            android:name="com.mongodb.app.HomeActivity"
130-->src\main\AndroidManifest.xml:99:13-41
131            android:screenOrientation="nosensor" />
131-->src\main\AndroidManifest.xml:100:13-49
132        <activity
132-->src\main\AndroidManifest.xml:101:9-103:52
133            android:name="com.mongodb.app.games.GamesListActivity"
133-->src\main\AndroidManifest.xml:102:13-52
134            android:screenOrientation="nosensor" />
134-->src\main\AndroidManifest.xml:103:13-49
135        <activity
135-->src\main\AndroidManifest.xml:104:9-106:52
136            android:name="com.mongodb.app.games.GameDetailActivity"
136-->src\main\AndroidManifest.xml:105:13-53
137            android:screenOrientation="nosensor" />
137-->src\main\AndroidManifest.xml:106:13-49
138        <activity
138-->src\main\AndroidManifest.xml:107:9-109:52
139            android:name="com.mongodb.app.TournamentActivity"
139-->src\main\AndroidManifest.xml:108:13-47
140            android:screenOrientation="nosensor" />
140-->src\main\AndroidManifest.xml:109:13-49
141        <activity
141-->src\main\AndroidManifest.xml:110:9-112:52
142            android:name="com.mongodb.app.TournamentDetailActivity"
142-->src\main\AndroidManifest.xml:111:13-53
143            android:screenOrientation="nosensor" />
143-->src\main\AndroidManifest.xml:112:13-49
144        <activity
144-->src\main\AndroidManifest.xml:113:9-116:52
145            android:name="com.mongodb.app.ProfileActivity"
145-->src\main\AndroidManifest.xml:114:13-44
146            android:parentActivityName="com.mongodb.app.HomeActivity"
146-->src\main\AndroidManifest.xml:115:13-55
147            android:screenOrientation="nosensor" />
147-->src\main\AndroidManifest.xml:116:13-49
148        <activity
148-->src\main\AndroidManifest.xml:117:9-119:52
149            android:name="com.mongodb.app.EditProfileActivity"
149-->src\main\AndroidManifest.xml:118:13-48
150            android:screenOrientation="nosensor" />
150-->src\main\AndroidManifest.xml:119:13-49
151        <activity
151-->src\main\AndroidManifest.xml:120:9-122:52
152            android:name="com.mongodb.app.ChangePassActivity"
152-->src\main\AndroidManifest.xml:121:13-47
153            android:screenOrientation="nosensor" />
153-->src\main\AndroidManifest.xml:122:13-49
154        <activity
154-->src\main\AndroidManifest.xml:123:9-126:52
155            android:name="com.mongodb.app.SettingsActivity"
155-->src\main\AndroidManifest.xml:124:13-45
156            android:parentActivityName="com.mongodb.app.HomeActivity"
156-->src\main\AndroidManifest.xml:125:13-55
157            android:screenOrientation="nosensor" />
157-->src\main\AndroidManifest.xml:126:13-49
158        <activity
158-->src\main\AndroidManifest.xml:127:9-129:52
159            android:name="com.mongodb.app.QRCodeActivity"
159-->src\main\AndroidManifest.xml:128:13-43
160            android:screenOrientation="nosensor" />
160-->src\main\AndroidManifest.xml:129:13-49
161        <activity
161-->src\main\AndroidManifest.xml:130:9-132:52
162            android:name="com.mongodb.app.SuggestionPageActivity"
162-->src\main\AndroidManifest.xml:131:13-51
163            android:screenOrientation="nosensor" />
163-->src\main\AndroidManifest.xml:132:13-49
164        <activity
164-->src\main\AndroidManifest.xml:133:9-135:52
165            android:name="com.mongodb.app.RankingActivity"
165-->src\main\AndroidManifest.xml:134:13-44
166            android:screenOrientation="nosensor" />
166-->src\main\AndroidManifest.xml:135:13-49
167        <activity
167-->src\main\AndroidManifest.xml:136:9-139:52
168            android:name="com.mongodb.app.PaypalActivity"
168-->src\main\AndroidManifest.xml:137:13-43
169            android:exported="true"
169-->src\main\AndroidManifest.xml:138:13-36
170            android:screenOrientation="nosensor" />
170-->src\main\AndroidManifest.xml:139:13-49
171        <activity
171-->src\main\AndroidManifest.xml:140:9-143:52
172            android:name="com.mongodb.app.activty.CheckoutActivity"
172-->src\main\AndroidManifest.xml:141:13-53
173            android:exported="true"
173-->src\main\AndroidManifest.xml:142:13-36
174            android:screenOrientation="nosensor" />
174-->src\main\AndroidManifest.xml:143:13-49
175        <activity
175-->src\main\AndroidManifest.xml:144:9-146:52
176            android:name="com.mongodb.app.NewProfile"
176-->src\main\AndroidManifest.xml:145:13-39
177            android:screenOrientation="nosensor" /> <!-- <activity -->
177-->src\main\AndroidManifest.xml:146:13-49
178        <!-- android:name=".LoginActivity" -->
179        <!-- android:screenOrientation="nosensor" /> -->
180        <activity
180-->src\main\AndroidManifest.xml:149:9-159:20
181            android:name="com.mongodb.app.LoginActivity"
181-->src\main\AndroidManifest.xml:150:13-42
182            android:exported="true"
182-->src\main\AndroidManifest.xml:151:13-36
183            android:label="@string/app_name"
183-->src\main\AndroidManifest.xml:152:13-45
184            android:screenOrientation="nosensor" >
184-->src\main\AndroidManifest.xml:153:13-49
185            <intent-filter>
185-->src\main\AndroidManifest.xml:154:13-158:29
186                <action android:name="android.intent.action.MAIN" />
186-->src\main\AndroidManifest.xml:155:17-69
186-->src\main\AndroidManifest.xml:155:25-66
187
188                <category android:name="android.intent.category.LAUNCHER" />
188-->src\main\AndroidManifest.xml:157:17-77
188-->src\main\AndroidManifest.xml:157:27-74
189            </intent-filter>
190        </activity>
191
192        <meta-data
192-->src\main\AndroidManifest.xml:161:9-163:57
193            android:name="preloaded_fonts"
193-->src\main\AndroidManifest.xml:162:13-43
194            android:resource="@array/preloaded_fonts" /> <!-- // google API implementation -->
194-->src\main\AndroidManifest.xml:163:13-54
195        <meta-data
195-->src\main\AndroidManifest.xml:164:9-166:36
196            android:name="com.google.android.gms.wallet.api.enabled"
196-->src\main\AndroidManifest.xml:165:13-69
197            android:value="true" />
197-->src\main\AndroidManifest.xml:166:13-33
198
199        <uses-library
199-->[androidx.window:window:1.0.0] AndroidManifest.xml:25:9-27:40
200            android:name="androidx.window.extensions"
200-->[androidx.window:window:1.0.0] AndroidManifest.xml:26:13-54
201            android:required="false" />
201-->[androidx.window:window:1.0.0] AndroidManifest.xml:27:13-37
202        <uses-library
202-->[androidx.window:window:1.0.0] AndroidManifest.xml:28:9-30:40
203            android:name="androidx.window.sidecar"
203-->[androidx.window:window:1.0.0] AndroidManifest.xml:29:13-51
204            android:required="false" /> <!-- Needs to be explicitly declared on P+ -->
204-->[androidx.window:window:1.0.0] AndroidManifest.xml:30:13-37
205        <uses-library
205-->[com.google.android.gms:play-services-maps:18.0.2] AndroidManifest.xml:39:9-41:40
206            android:name="org.apache.http.legacy"
206-->[com.google.android.gms:play-services-maps:18.0.2] AndroidManifest.xml:40:13-50
207            android:required="false" />
207-->[com.google.android.gms:play-services-maps:18.0.2] AndroidManifest.xml:41:13-37
208
209        <activity
209-->[com.google.android.gms:play-services-base:18.0.1] AndroidManifest.xml:20:9-22:45
210            android:name="com.google.android.gms.common.api.GoogleApiActivity"
210-->[com.google.android.gms:play-services-base:18.0.1] AndroidManifest.xml:20:19-85
211            android:exported="false"
211-->[com.google.android.gms:play-services-base:18.0.1] AndroidManifest.xml:22:19-43
212            android:theme="@android:style/Theme.Translucent.NoTitleBar" />
212-->[com.google.android.gms:play-services-base:18.0.1] AndroidManifest.xml:21:19-78
213
214        <provider
214-->[com.squareup.picasso:picasso:2.71828] AndroidManifest.xml:8:9-11:40
215            android:name="com.squareup.picasso.PicassoProvider"
215-->[com.squareup.picasso:picasso:2.71828] AndroidManifest.xml:9:13-64
216            android:authorities="com.mongodb.app.com.squareup.picasso"
216-->[com.squareup.picasso:picasso:2.71828] AndroidManifest.xml:10:13-72
217            android:exported="false" />
217-->[com.squareup.picasso:picasso:2.71828] AndroidManifest.xml:11:13-37
218        <provider
218-->[androidx.emoji2:emoji2:1.0.0] AndroidManifest.xml:26:9-34:20
219            android:name="androidx.startup.InitializationProvider"
219-->[androidx.emoji2:emoji2:1.0.0] AndroidManifest.xml:27:13-67
220            android:authorities="com.mongodb.app.androidx-startup"
220-->[androidx.emoji2:emoji2:1.0.0] AndroidManifest.xml:28:13-68
221            android:exported="false" >
221-->[androidx.emoji2:emoji2:1.0.0] AndroidManifest.xml:29:13-37
222            <meta-data
222-->[androidx.emoji2:emoji2:1.0.0] AndroidManifest.xml:31:13-33:52
223                android:name="androidx.emoji2.text.EmojiCompatInitializer"
223-->[androidx.emoji2:emoji2:1.0.0] AndroidManifest.xml:32:17-75
224                android:value="androidx.startup" />
224-->[androidx.emoji2:emoji2:1.0.0] AndroidManifest.xml:33:17-49
225            <meta-data
225-->[androidx.lifecycle:lifecycle-process:2.4.0] AndroidManifest.xml:31:13-33:52
226                android:name="androidx.lifecycle.ProcessLifecycleInitializer"
226-->[androidx.lifecycle:lifecycle-process:2.4.0] AndroidManifest.xml:32:17-78
227                android:value="androidx.startup" />
227-->[androidx.lifecycle:lifecycle-process:2.4.0] AndroidManifest.xml:33:17-49
228        </provider>
229
230        <activity android:name="com.paypal.android.sdk.payments.PaymentActivity" />
230-->[com.paypal.sdk:paypal-android-sdk:2.14.2] AndroidManifest.xml:13:9-84
230-->[com.paypal.sdk:paypal-android-sdk:2.14.2] AndroidManifest.xml:13:19-81
231        <activity android:name="com.paypal.android.sdk.payments.PaymentMethodActivity" />
231-->[com.paypal.sdk:paypal-android-sdk:2.14.2] AndroidManifest.xml:14:9-90
231-->[com.paypal.sdk:paypal-android-sdk:2.14.2] AndroidManifest.xml:14:19-87
232        <activity android:name="com.paypal.android.sdk.payments.PaymentConfirmActivity" />
232-->[com.paypal.sdk:paypal-android-sdk:2.14.2] AndroidManifest.xml:15:9-91
232-->[com.paypal.sdk:paypal-android-sdk:2.14.2] AndroidManifest.xml:15:19-88
233        <activity android:name="com.paypal.android.sdk.payments.LoginActivity" />
233-->[com.paypal.sdk:paypal-android-sdk:2.14.2] AndroidManifest.xml:16:9-82
233-->[com.paypal.sdk:paypal-android-sdk:2.14.2] AndroidManifest.xml:16:19-79
234        <activity android:name="com.paypal.android.sdk.payments.PayPalFuturePaymentActivity" />
234-->[com.paypal.sdk:paypal-android-sdk:2.14.2] AndroidManifest.xml:17:9-96
234-->[com.paypal.sdk:paypal-android-sdk:2.14.2] AndroidManifest.xml:17:19-93
235        <activity android:name="com.paypal.android.sdk.payments.FuturePaymentConsentActivity" />
235-->[com.paypal.sdk:paypal-android-sdk:2.14.2] AndroidManifest.xml:18:9-97
235-->[com.paypal.sdk:paypal-android-sdk:2.14.2] AndroidManifest.xml:18:19-94
236        <activity android:name="com.paypal.android.sdk.payments.FuturePaymentInfoActivity" />
236-->[com.paypal.sdk:paypal-android-sdk:2.14.2] AndroidManifest.xml:19:9-94
236-->[com.paypal.sdk:paypal-android-sdk:2.14.2] AndroidManifest.xml:19:19-91
237        <activity android:name="com.paypal.android.sdk.payments.PayPalProfileSharingActivity" />
237-->[com.paypal.sdk:paypal-android-sdk:2.14.2] AndroidManifest.xml:20:9-97
237-->[com.paypal.sdk:paypal-android-sdk:2.14.2] AndroidManifest.xml:20:19-94
238        <activity android:name="com.paypal.android.sdk.payments.ProfileSharingConsentActivity" />
238-->[com.paypal.sdk:paypal-android-sdk:2.14.2] AndroidManifest.xml:21:9-98
238-->[com.paypal.sdk:paypal-android-sdk:2.14.2] AndroidManifest.xml:21:19-95
239
240        <service
240-->[com.paypal.sdk:paypal-android-sdk:2.14.2] AndroidManifest.xml:23:9-25:40
241            android:name="com.paypal.android.sdk.payments.PayPalService"
241-->[com.paypal.sdk:paypal-android-sdk:2.14.2] AndroidManifest.xml:24:13-73
242            android:exported="false" />
242-->[com.paypal.sdk:paypal-android-sdk:2.14.2] AndroidManifest.xml:25:13-37
243
244        <activity
244-->[io.card:android-sdk:5.3.4] AndroidManifest.xml:22:9-24:66
245            android:name="io.card.payment.CardIOActivity"
245-->[io.card:android-sdk:5.3.4] AndroidManifest.xml:23:13-58
246            android:configChanges="keyboardHidden|orientation" />
246-->[io.card:android-sdk:5.3.4] AndroidManifest.xml:24:13-63
247        <activity android:name="io.card.payment.DataEntryActivity" />
247-->[io.card:android-sdk:5.3.4] AndroidManifest.xml:25:9-70
247-->[io.card:android-sdk:5.3.4] AndroidManifest.xml:25:19-67
248    </application>
249
250</manifest>